<?xml version="1.0" encoding="UTF-8"?>
<!-- Generated by org.testng.reporters.JUnitXMLReporter -->
<testsuite ignored="0" hostname="DESKTOP-PN9KDUT" failures="0" tests="3" name="Test" time="46.084" errors="0" timestamp="2024-06-07T12:41:45 GET">
  <testcase classname="Levan.SeleniumFramework.SubmitOrderTest" name="submitOrder" time="15.491"/>
  <testcase classname="Levan.SeleniumFramework.SubmitOrderTest" name="submitOrder" time="15.652"/>
  <testcase classname="Levan.SeleniumFramework.SubmitOrderTest" name="OrderHistoryTest" time="0.968"/>
</testsuite> <!-- Test -->
