<?xml version="1.0" encoding="UTF-8"?>
<!-- Generated by org.testng.reporters.JUnitXMLReporter -->
<testsuite ignored="0" hostname="DESKTOP-PN9KDUT" failures="0" tests="3" name="Test" time="59.641" errors="0" timestamp="2024-06-07T12:48:47 GET">
  <testcase classname="Levan.SeleniumFramework.SubmitOrderTest" name="submitOrder" time="15.639"/>
  <testcase classname="Levan.SeleniumFramework.SubmitOrderTest" name="submitOrder" time="15.653"/>
  <testcase classname="Levan.SeleniumFramework.SubmitOrderTest" name="OrderHistoryTest" time="0.715"/>
</testsuite> <!-- Test -->
